                                      1 ;--------------------------------------------------------
                                      2 ; File Created by SDCC : free open source ISO C Compiler 
                                      3 ; Version 4.4.1 #14650 (Linux)
                                      4 ;--------------------------------------------------------
                                      5 	.module main
                                      6 	.optsdcc -msm83
                                      7 	
                                      8 ;--------------------------------------------------------
                                      9 ; Public variables in this module
                                     10 ;--------------------------------------------------------
                                     11 	.globl _main
                                     12 	.globl _wait_vbl_done
                                     13 ;--------------------------------------------------------
                                     14 ; special function registers
                                     15 ;--------------------------------------------------------
                                     16 ;--------------------------------------------------------
                                     17 ; ram data
                                     18 ;--------------------------------------------------------
                                     19 	.area _DATA
                                     20 ;--------------------------------------------------------
                                     21 ; ram data
                                     22 ;--------------------------------------------------------
                                     23 	.area _INITIALIZED
                                     24 ;--------------------------------------------------------
                                     25 ; absolute external ram data
                                     26 ;--------------------------------------------------------
                                     27 	.area _DABS (ABS)
                                     28 ;--------------------------------------------------------
                                     29 ; global & static initialisations
                                     30 ;--------------------------------------------------------
                                     31 	.area _HOME
                                     32 	.area _GSINIT
                                     33 	.area _GSFINAL
                                     34 	.area _GSINIT
                                     35 ;--------------------------------------------------------
                                     36 ; Home
                                     37 ;--------------------------------------------------------
                                     38 	.area _HOME
                                     39 	.area _HOME
                                     40 ;--------------------------------------------------------
                                     41 ; code
                                     42 ;--------------------------------------------------------
                                     43 	.area _CODE
                                     44 ;main.c:3: void main(void)
                                     45 ;	---------------------------------
                                     46 ; Function main
                                     47 ; ---------------------------------
    00000000                         48 _main::
                                     49 ;main.c:5: DISPLAY_ON;
    00000000 F0r00            [12]   50 	ldh	a, (_LCDC_REG + 0)
    00000002 F6 80            [ 8]   51 	or	a, #0x80
    00000004 E0r00            [12]   52 	ldh	(_LCDC_REG + 0), a
                                     53 ;main.c:8: while(1) {
    00000006                         54 00102$:
                                     55 ;main.c:11: wait_vbl_done();
    00000006 CDr00r00         [24]   56 	call	_wait_vbl_done
                                     57 ;main.c:13: }
    00000009 18 FB            [12]   58 	jr	00102$
                                     59 	.area _CODE
                                     60 	.area _INITIALIZER
                                     61 	.area _CABS (ABS)
