                                      1 ;--------------------------------------------------------
                                      2 ; File Created by SDCC : free open source ISO C Compiler 
                                      3 ; Version 4.4.1 #14650 (Linux)
                                      4 ;--------------------------------------------------------
                                      5 	.module SimpleSprite
                                      6 	.optsdcc -msm83
                                      7 	
                                      8 ;--------------------------------------------------------
                                      9 ; Public variables in this module
                                     10 ;--------------------------------------------------------
                                     11 	.globl _SimpleSprite
                                     12 ;--------------------------------------------------------
                                     13 ; special function registers
                                     14 ;--------------------------------------------------------
                                     15 ;--------------------------------------------------------
                                     16 ; ram data
                                     17 ;--------------------------------------------------------
                                     18 	.area _DATA
                                     19 ;--------------------------------------------------------
                                     20 ; ram data
                                     21 ;--------------------------------------------------------
                                     22 	.area _INITIALIZED
    00000000                         23 _SimpleSprite::
    00000000                         24 	.ds 16
                                     25 ;--------------------------------------------------------
                                     26 ; absolute external ram data
                                     27 ;--------------------------------------------------------
                                     28 	.area _DABS (ABS)
                                     29 ;--------------------------------------------------------
                                     30 ; global & static initialisations
                                     31 ;--------------------------------------------------------
                                     32 	.area _HOME
                                     33 	.area _GSINIT
                                     34 	.area _GSFINAL
                                     35 	.area _GSINIT
                                     36 ;--------------------------------------------------------
                                     37 ; Home
                                     38 ;--------------------------------------------------------
                                     39 	.area _HOME
                                     40 	.area _HOME
                                     41 ;--------------------------------------------------------
                                     42 ; code
                                     43 ;--------------------------------------------------------
                                     44 	.area _CODE
                                     45 	.area _CODE
                                     46 	.area _INITIALIZER
    00000000                         47 __xinit__SimpleSprite:
    00000000 3C                      48 	.db #0x3c	; 60
    00000001 3C                      49 	.db #0x3c	; 60
    00000002 3C                      50 	.db #0x3c	; 60
    00000003 66                      51 	.db #0x66	; 102	'f'
    00000004 FF                      52 	.db #0xff	; 255
    00000005 FF                      53 	.db #0xff	; 255
    00000006 FF                      54 	.db #0xff	; 255
    00000007 BD                      55 	.db #0xbd	; 189
    00000008 FF                      56 	.db #0xff	; 255
    00000009 BD                      57 	.db #0xbd	; 189
    0000000A FF                      58 	.db #0xff	; 255
    0000000B FF                      59 	.db #0xff	; 255
    0000000C 3C                      60 	.db #0x3c	; 60
    0000000D 66                      61 	.db #0x66	; 102	'f'
    0000000E 3C                      62 	.db #0x3c	; 60
    0000000F 3C                      63 	.db #0x3c	; 60
                                     64 	.area _CABS (ABS)
